<?xml version="1.0" encoding="UTF-8"?>
<!-- Generated by org.testng.reporters.JUnitReportReporter -->
<testsuite skipped="0" hostname="DESKTOP-G46QBGA" name="cucumber.Options.Runner" tests="1" failures="0" timestamp="04 Jul 2020 17:50:30 GMT" time="35.194" errors="0">
  <testcase name="feature" time="35.194" classname="cucumber.Options.Runner"/>
</testsuite> <!-- cucumber.Options.Runner -->
