<?xml version="1.0" encoding="UTF-8"?>
<!-- Generated by org.testng.reporters.JUnitReportReporter -->
<testsuite skipped="0" hostname="DESKTOP-G46QBGA" name="testCases.WeatherTestCases" tests="13" failures="0" timestamp="06 Jul 2020 14:42:59 GMT" time="44.107" errors="0">
  <testcase name="initialize_the_chrome_browser" time="18.886" classname="testCases.WeatherTestCases"/>
  <testcase name="user_navigates_to_the_NDTV_home_page" time="7.284" classname="testCases.WeatherTestCases"/>
  <testcase name="user_should_be_able_to_validate_whether_the_NDTV_logo_is_displaying_or_not" time="1.360" classname="testCases.WeatherTestCases"/>
  <testcase name="user_should_be_able_to_click_on_the_weather_link" time="6.460" classname="testCases.WeatherTestCases"/>
  <testcase name="user_enters_the_cityname_and_checks_if_it_is_displayed_and_selected" time="2.470" classname="testCases.WeatherTestCases"/>
  <testcase name="user_verifies_that_the_city_is_available_on_the_map_and_clicks_on_it_to_display_the_weather_details" time="0.433" classname="testCases.WeatherTestCases"/>
  <testcase name="user_saves_the_temperature_in_degrees" time="0.065" classname="testCases.WeatherTestCases"/>
  <testcase name="user_closes_the_browser" time="0.987" classname="testCases.WeatherTestCases"/>
  <testcase name="user_passes_cityname_and_appid_to_the_request_uri" time="1.414" classname="testCases.WeatherTestCases"/>
  <testcase name="user_calls_Resource_with_Required_http_request" time="3.039" classname="testCases.WeatherTestCases"/>
  <testcase name="the_api_call_should_be_successfull_and_the_status_code_should_be_200" time="0.008" classname="testCases.WeatherTestCases"/>
  <testcase name="user_saves_the_temperature_in_degrees_celsius" time="1.699" classname="testCases.WeatherTestCases"/>
  <testcase name="CompareTemp" time="0.002" classname="testCases.WeatherTestCases"/>
</testsuite> <!-- testCases.WeatherTestCases -->
