<?xml version="1.0" encoding="UTF-8"?>
<!-- Generated by org.testng.reporters.JUnitReportReporter -->
<testsuite skipped="0" hostname="DESKTOP-G46QBGA" name="testCases.WeatherTest" tests="12" failures="0" timestamp="05 Jul 2020 16:03:20 GMT" time="15.558" errors="0">
  <testcase name="initialize_the_chrome_browser" time="5.752" classname="testCases.WeatherTest"/>
  <testcase name="user_navigates_to_the_NDTV_home_page" time="2.333" classname="testCases.WeatherTest"/>
  <testcase name="user_should_be_able_to_validate_whether_the_NDTV_logo_is_displaying_or_not" time="0.176" classname="testCases.WeatherTest"/>
  <testcase name="user_should_be_able_to_click_on_the_weather_link" time="3.413" classname="testCases.WeatherTest"/>
  <testcase name="user_enters_the_and_checks_if_it_is_displayed_and_selected" time="1.363" classname="testCases.WeatherTest"/>
  <testcase name="user_verifies_that_the_city_is_available_on_the_map_and_clicks_on_it_to_display_the_weather_details" time="0.152" classname="testCases.WeatherTest"/>
  <testcase name="user_saves_the_temperature_in_degrees" time="0.027" classname="testCases.WeatherTest"/>
  <testcase name="user_closes_the_browser" time="0.712" classname="testCases.WeatherTest"/>
  <testcase name="user_passes_cityname_and_appid_to_the_request_uri" time="0.453" classname="testCases.WeatherTest"/>
  <testcase name="user_calls_something_with_something_http_request" time="0.569" classname="testCases.WeatherTest"/>
  <testcase name="the_api_call_should_be_successfull_and_the_status_code_should_be_200" time="0.001" classname="testCases.WeatherTest"/>
  <testcase name="user_saves_the_temperature_in_degrees_celsius" time="0.607" classname="testCases.WeatherTest"/>
</testsuite> <!-- testCases.WeatherTest -->
