<?xml version="1.0" encoding="UTF-8"?>
<!-- Generated by org.testng.reporters.JUnitReportReporter -->
<testsuite skipped="0" hostname="DESKTOP-G46QBGA" name="testRunner.Runner" tests="1" failures="0" timestamp="04 Jul 2020 17:32:31 GMT" time="45.289" errors="0">
  <testcase name="feature" time="45.289" classname="testRunner.Runner"/>
</testsuite> <!-- testRunner.Runner -->
