<?xml version="1.0" encoding="UTF-8"?>
<!-- Generated by org.testng.reporters.JUnitReportReporter -->
<testsuite skipped="0" hostname="DESKTOP-G46QBGA" name="testCases.WeatherTestCases" tests="13" failures="0" timestamp="06 Jul 2020 06:43:59 GMT" time="31.272" errors="0">
  <testcase name="initialize_the_chrome_browser" time="6.943" classname="testCases.WeatherTestCases"/>
  <testcase name="user_navigates_to_the_NDTV_home_page" time="2.145" classname="testCases.WeatherTestCases"/>
  <testcase name="user_should_be_able_to_validate_whether_the_NDTV_logo_is_displaying_or_not" time="5.202" classname="testCases.WeatherTestCases"/>
  <testcase name="user_should_be_able_to_click_on_the_weather_link" time="10.617" classname="testCases.WeatherTestCases"/>
  <testcase name="user_enters_the_and_checks_if_it_is_displayed_and_selected" time="1.637" classname="testCases.WeatherTestCases"/>
  <testcase name="user_verifies_that_the_city_is_available_on_the_map_and_clicks_on_it_to_display_the_weather_details" time="0.555" classname="testCases.WeatherTestCases"/>
  <testcase name="user_saves_the_temperature_in_degrees" time="0.052" classname="testCases.WeatherTestCases"/>
  <testcase name="user_closes_the_browser" time="0.861" classname="testCases.WeatherTestCases"/>
  <testcase name="user_passes_cityname_and_appid_to_the_request_uri" time="1.038" classname="testCases.WeatherTestCases"/>
  <testcase name="user_calls_something_with_something_http_request" time="1.187" classname="testCases.WeatherTestCases"/>
  <testcase name="the_api_call_should_be_successfull_and_the_status_code_should_be_200" time="0.002" classname="testCases.WeatherTestCases"/>
  <testcase name="user_saves_the_temperature_in_degrees_celsius" time="1.031" classname="testCases.WeatherTestCases"/>
  <testcase name="CompareTemp" time="0.002" classname="testCases.WeatherTestCases"/>
</testsuite> <!-- testCases.WeatherTestCases -->
