<?xml version="1.0" encoding="UTF-8"?>
<!-- Generated by org.testng.reporters.JUnitReportReporter -->
<testsuite skipped="0" hostname="DESKTOP-G46QBGA" name="cucumber.Options.Runner" tests="1" failures="0" timestamp="05 Jul 2020 05:10:28 GMT" time="66.281" errors="0">
  <testcase name="feature" time="66.281" classname="cucumber.Options.Runner"/>
</testsuite> <!-- cucumber.Options.Runner -->
